Performing C SOURCE FILE Test HAVE_XINPUT_GAMEPAD_EX failed with the following output:
Change Dir: D:/GB_dev/gb_emu/gb_emu/Emu/SDL/out/build/x64-Debug (default)/CMakeFiles/CMakeTmp

Run Build Command(s):C:/Program Files (x86)/Microsoft Visual Studio/2019/Community/Common7/IDE/CommonExtensions/Microsoft/CMake/Ninja/ninja.exe cmTC_48e9f && [1/2] Building C object CMakeFiles\cmTC_48e9f.dir\src.c.obj
FAILED: CMakeFiles/cmTC_48e9f.dir/src.c.obj 
C:\PROGRA~2\MICROS~1\2019\COMMUN~1\VC\Tools\MSVC\1427~1.291\bin\Hostx64\x64\cl.exe  /nologo   /DWIN32 /D_WINDOWS /W3 -DHAVE_XINPUT_GAMEPAD_EX /MDd /Zi /Ob0 /Od /RTC1 /showIncludes /FoCMakeFiles\cmTC_48e9f.dir\src.c.obj /FdCMakeFiles\cmTC_48e9f.dir\ /FS -c src.c
src.c(4): error C2061: syntax error: identifier 'x1'
src.c(4): error C2059: syntax error: ';'
ninja: build stopped: subcommand failed.


Source file was:

        #include <windows.h>
        #include <xinput.h>
        XINPUT_GAMEPAD_EX x1;
        int main(int argc, char **argv) { }
Performing C SOURCE FILE Test HAVE_XINPUT_STATE_EX failed with the following output:
Change Dir: D:/GB_dev/gb_emu/gb_emu/Emu/SDL/out/build/x64-Debug (default)/CMakeFiles/CMakeTmp

Run Build Command(s):C:/Program Files (x86)/Microsoft Visual Studio/2019/Community/Common7/IDE/CommonExtensions/Microsoft/CMake/Ninja/ninja.exe cmTC_ccd81 && [1/2] Building C object CMakeFiles\cmTC_ccd81.dir\src.c.obj
FAILED: CMakeFiles/cmTC_ccd81.dir/src.c.obj 
C:\PROGRA~2\MICROS~1\2019\COMMUN~1\VC\Tools\MSVC\1427~1.291\bin\Hostx64\x64\cl.exe  /nologo   /DWIN32 /D_WINDOWS /W3 -DHAVE_XINPUT_STATE_EX /MDd /Zi /Ob0 /Od /RTC1 /showIncludes /FoCMakeFiles\cmTC_ccd81.dir\src.c.obj /FdCMakeFiles\cmTC_ccd81.dir\ /FS -c src.c
src.c(4): error C2061: syntax error: identifier 's1'
src.c(4): error C2059: syntax error: ';'
ninja: build stopped: subcommand failed.


Source file was:

        #include <windows.h>
        #include <xinput.h>
        XINPUT_STATE_EX s1;
        int main(int argc, char **argv) { }
